<?xml version="1.0" encoding="UTF-8"?>
<coverage generated="1721871035413" clover="3.2.0">
  <project timestamp="1721871035413" name="All files">
    <metrics statements="80" coveredstatements="72" conditionals="58" coveredconditionals="45" methods="20" coveredmethods="19" elements="158" coveredelements="136" complexity="0" loc="80" ncloc="80" packages="1" files="2" classes="2"/>
    <file name="binary-tree.js" path="/home/oliver/dsa-trees/binary-tree.js">
      <metrics statements="47" coveredstatements="39" conditionals="43" coveredconditionals="31" methods="15" coveredmethods="14"/>
      <line num="5" count="237" type="stmt"/>
      <line num="6" count="237" type="stmt"/>
      <line num="7" count="237" type="stmt"/>
      <line num="13" count="65" type="stmt"/>
      <line num="21" count="3" type="cond" truecount="2" falsecount="0"/>
      <line num="25" count="10" type="cond" truecount="1" falsecount="1"/>
      <line num="26" count="10" type="cond" truecount="2" falsecount="0"/>
      <line num="28" count="4" type="stmt"/>
      <line num="29" count="4" type="stmt"/>
      <line num="31" count="4" type="stmt"/>
      <line num="33" count="2" type="stmt"/>
      <line num="40" count="3" type="cond" truecount="2" falsecount="0"/>
      <line num="43" count="10" type="cond" truecount="1" falsecount="1"/>
      <line num="44" count="10" type="cond" truecount="2" falsecount="0"/>
      <line num="46" count="4" type="stmt"/>
      <line num="47" count="4" type="stmt"/>
      <line num="49" count="4" type="stmt"/>
      <line num="51" count="2" type="stmt"/>
      <line num="58" count="4" type="stmt"/>
      <line num="61" count="36" type="cond" truecount="2" falsecount="0"/>
      <line num="63" count="16" type="stmt"/>
      <line num="64" count="16" type="stmt"/>
      <line num="66" count="16" type="stmt"/>
      <line num="67" count="16" type="stmt"/>
      <line num="69" count="16" type="stmt"/>
      <line num="71" count="4" type="stmt"/>
      <line num="72" count="4" type="stmt"/>
      <line num="79" count="3" type="cond" truecount="1" falsecount="1"/>
      <line num="81" count="0" type="stmt"/>
      <line num="84" count="0" type="cond" truecount="0" falsecount="2"/>
      <line num="86" count="0" type="cond" truecount="0" falsecount="5"/>
      <line num="87" count="0" type="stmt"/>
      <line num="90" count="0" type="stmt"/>
      <line num="91" count="0" type="stmt"/>
      <line num="95" count="0" type="stmt"/>
      <line num="96" count="0" type="stmt"/>
      <line num="104" count="5" type="cond" truecount="4" falsecount="1"/>
      <line num="107" count="75" type="cond" truecount="2" falsecount="0"/>
      <line num="109" count="47" type="cond" truecount="2" falsecount="0"/>
      <line num="111" count="37" type="stmt"/>
      <line num="112" count="37" type="cond" truecount="2" falsecount="0"/>
      <line num="114" count="28" type="stmt"/>
      <line num="117" count="5" type="stmt"/>
      <line num="118" count="5" type="stmt"/>
      <line num="120" count="5" type="cond" truecount="3" falsecount="1"/>
      <line num="122" count="5" type="stmt"/>
      <line num="148" count="1" type="stmt"/>
    </file>
    <file name="tree.js" path="/home/oliver/dsa-trees/tree.js">
      <metrics statements="33" coveredstatements="33" conditionals="15" coveredconditionals="14" methods="5" coveredmethods="5"/>
      <line num="5" count="93" type="stmt"/>
      <line num="6" count="93" type="stmt"/>
      <line num="12" count="28" type="stmt"/>
      <line num="18" count="3" type="cond" truecount="2" falsecount="0"/>
      <line num="19" count="2" type="stmt"/>
      <line num="20" count="2" type="stmt"/>
      <line num="22" count="2" type="stmt"/>
      <line num="23" count="10" type="stmt"/>
      <line num="25" count="10" type="cond" truecount="1" falsecount="1"/>
      <line num="26" count="10" type="stmt"/>
      <line num="29" count="10" type="stmt"/>
      <line num="30" count="8" type="stmt"/>
      <line num="33" count="2" type="stmt"/>
      <line num="39" count="3" type="cond" truecount="2" falsecount="0"/>
      <line num="41" count="2" type="stmt"/>
      <line num="42" count="2" type="stmt"/>
      <line num="44" count="2" type="stmt"/>
      <line num="45" count="10" type="stmt"/>
      <line num="47" count="10" type="cond" truecount="2" falsecount="0"/>
      <line num="48" count="5" type="stmt"/>
      <line num="51" count="10" type="stmt"/>
      <line num="52" count="8" type="stmt"/>
      <line num="55" count="2" type="stmt"/>
      <line num="62" count="33" type="cond" truecount="2" falsecount="0"/>
      <line num="64" count="32" type="cond" truecount="2" falsecount="0"/>
      <line num="65" count="32" type="stmt"/>
      <line num="66" count="25" type="stmt"/>
      <line num="68" count="32" type="stmt"/>
      <line num="72" count="1" type="stmt"/>
      <line num="73" count="1" type="stmt"/>
      <line num="74" count="1" type="stmt"/>
      <line num="75" count="1" type="stmt"/>
      <line num="77" count="1" type="stmt"/>
    </file>
  </project>
</coverage>
