{"/home/oliver/dsa-trees/binary-tree.js": {"path":"/home/oliver/dsa-trees/binary-tree.js","statementMap":{"0":{"start":{"line":5,"column":4},"end":{"line":5,"column":19}},"1":{"start":{"line":6,"column":4},"end":{"line":6,"column":21}},"2":{"start":{"line":7,"column":4},"end":{"line":7,"column":23}},"3":{"start":{"line":13,"column":4},"end":{"line":13,"column":21}},"4":{"start":{"line":21,"column":4},"end":{"line":21,"column":29}},"5":{"start":{"line":21,"column":20},"end":{"line":21,"column":29}},"6":{"start":{"line":25,"column":6},"end":{"line":25,"column":26}},"7":{"start":{"line":25,"column":17},"end":{"line":25,"column":26}},"8":{"start":{"line":26,"column":6},"end":{"line":26,"column":45}},"9":{"start":{"line":26,"column":36},"end":{"line":26,"column":45}},"10":{"start":{"line":28,"column":24},"end":{"line":28,"column":40}},"11":{"start":{"line":29,"column":25},"end":{"line":29,"column":42}},"12":{"start":{"line":31,"column":6},"end":{"line":31,"column":49}},"13":{"start":{"line":33,"column":4},"end":{"line":33,"column":28}},"14":{"start":{"line":40,"column":4},"end":{"line":40,"column":29}},"15":{"start":{"line":40,"column":20},"end":{"line":40,"column":29}},"16":{"start":{"line":43,"column":6},"end":{"line":43,"column":26}},"17":{"start":{"line":43,"column":17},"end":{"line":43,"column":26}},"18":{"start":{"line":44,"column":6},"end":{"line":44,"column":45}},"19":{"start":{"line":44,"column":36},"end":{"line":44,"column":45}},"20":{"start":{"line":46,"column":24},"end":{"line":46,"column":40}},"21":{"start":{"line":47,"column":26},"end":{"line":47,"column":43}},"22":{"start":{"line":49,"column":6},"end":{"line":49,"column":49}},"23":{"start":{"line":51,"column":4},"end":{"line":51,"column":28}},"24":{"start":{"line":58,"column":17},"end":{"line":58,"column":18}},"25":{"start":{"line":61,"column":6},"end":{"line":61,"column":26}},"26":{"start":{"line":61,"column":17},"end":{"line":61,"column":26}},"27":{"start":{"line":63,"column":22},"end":{"line":63,"column":49}},"28":{"start":{"line":64,"column":23},"end":{"line":64,"column":51}},"29":{"start":{"line":66,"column":25},"end":{"line":66,"column":54}},"30":{"start":{"line":67,"column":6},"end":{"line":67,"column":44}},"31":{"start":{"line":69,"column":6},"end":{"line":69,"column":52}},"32":{"start":{"line":71,"column":4},"end":{"line":71,"column":19}},"33":{"start":{"line":72,"column":4},"end":{"line":72,"column":18}},"34":{"start":{"line":79,"column":4},"end":{"line":79,"column":27}},"35":{"start":{"line":79,"column":15},"end":{"line":79,"column":27}},"36":{"start":{"line":81,"column":19},"end":{"line":81,"column":23}},"37":{"start":{"line":84,"column":6},"end":{"line":84,"column":24}},"38":{"start":{"line":84,"column":17},"end":{"line":84,"column":24}},"39":{"start":{"line":86,"column":6},"end":{"line":88,"column":7}},"40":{"start":{"line":87,"column":8},"end":{"line":87,"column":28}},"41":{"start":{"line":90,"column":6},"end":{"line":92,"column":7}},"42":{"start":{"line":91,"column":8},"end":{"line":91,"column":30}},"43":{"start":{"line":95,"column":4},"end":{"line":95,"column":30}},"44":{"start":{"line":96,"column":4},"end":{"line":96,"column":20}},"45":{"start":{"line":104,"column":4},"end":{"line":104,"column":53}},"46":{"start":{"line":104,"column":40},"end":{"line":104,"column":53}},"47":{"start":{"line":107,"column":6},"end":{"line":107,"column":29}},"48":{"start":{"line":107,"column":17},"end":{"line":107,"column":29}},"49":{"start":{"line":109,"column":6},"end":{"line":109,"column":44}},"50":{"start":{"line":109,"column":27},"end":{"line":109,"column":44}},"51":{"start":{"line":111,"column":17},"end":{"line":111,"column":56}},"52":{"start":{"line":112,"column":6},"end":{"line":112,"column":28}},"53":{"start":{"line":112,"column":16},"end":{"line":112,"column":28}},"54":{"start":{"line":114,"column":6},"end":{"line":114,"column":54}},"55":{"start":{"line":117,"column":20},"end":{"line":117,"column":47}},"56":{"start":{"line":118,"column":20},"end":{"line":118,"column":47}},"57":{"start":{"line":120,"column":4},"end":{"line":120,"column":47}},"58":{"start":{"line":120,"column":34},"end":{"line":120,"column":47}},"59":{"start":{"line":122,"column":4},"end":{"line":122,"column":47}},"60":{"start":{"line":148,"column":0},"end":{"line":148,"column":48}}},"fnMap":{"0":{"name":"(anonymous_0)","decl":{"start":{"line":4,"column":2},"end":{"line":4,"column":3}},"loc":{"start":{"line":4,"column":46},"end":{"line":8,"column":3}},"line":4},"1":{"name":"(anonymous_1)","decl":{"start":{"line":12,"column":2},"end":{"line":12,"column":3}},"loc":{"start":{"line":12,"column":27},"end":{"line":14,"column":3}},"line":12},"2":{"name":"(anonymous_2)","decl":{"start":{"line":19,"column":2},"end":{"line":19,"column":3}},"loc":{"start":{"line":19,"column":13},"end":{"line":34,"column":3}},"line":19},"3":{"name":"depth","decl":{"start":{"line":24,"column":13},"end":{"line":24,"column":18}},"loc":{"start":{"line":24,"column":24},"end":{"line":32,"column":5}},"line":24},"4":{"name":"(anonymous_4)","decl":{"start":{"line":39,"column":2},"end":{"line":39,"column":3}},"loc":{"start":{"line":39,"column":13},"end":{"line":52,"column":3}},"line":39},"5":{"name":"depth","decl":{"start":{"line":42,"column":13},"end":{"line":42,"column":18}},"loc":{"start":{"line":42,"column":24},"end":{"line":50,"column":5}},"line":42},"6":{"name":"(anonymous_6)","decl":{"start":{"line":57,"column":2},"end":{"line":57,"column":3}},"loc":{"start":{"line":57,"column":11},"end":{"line":73,"column":3}},"line":57},"7":{"name":"sum","decl":{"start":{"line":60,"column":13},"end":{"line":60,"column":16}},"loc":{"start":{"line":60,"column":22},"end":{"line":70,"column":5}},"line":60},"8":{"name":"(anonymous_8)","decl":{"start":{"line":78,"column":2},"end":{"line":78,"column":3}},"loc":{"start":{"line":78,"column":38},"end":{"line":97,"column":3}},"line":78},"9":{"name":"findNextLarger","decl":{"start":{"line":83,"column":13},"end":{"line":83,"column":27}},"loc":{"start":{"line":83,"column":33},"end":{"line":93,"column":5}},"line":83},"10":{"name":"(anonymous_10)","decl":{"start":{"line":103,"column":2},"end":{"line":103,"column":3}},"loc":{"start":{"line":103,"column":27},"end":{"line":123,"column":3}},"line":103},"11":{"name":"findLevel","decl":{"start":{"line":106,"column":13},"end":{"line":106,"column":22}},"loc":{"start":{"line":106,"column":47},"end":{"line":115,"column":5}},"line":106},"12":{"name":"(anonymous_12)","decl":{"start":{"line":128,"column":2},"end":{"line":128,"column":3}},"loc":{"start":{"line":128,"column":21},"end":{"line":130,"column":3}},"line":128},"13":{"name":"(anonymous_13)","decl":{"start":{"line":135,"column":2},"end":{"line":135,"column":3}},"loc":{"start":{"line":135,"column":23},"end":{"line":137,"column":3}},"line":135},"14":{"name":"(anonymous_14)","decl":{"start":{"line":143,"column":2},"end":{"line":143,"column":3}},"loc":{"start":{"line":143,"column":37},"end":{"line":145,"column":3}},"line":143}},"branchMap":{"0":{"loc":{"start":{"line":4,"column":19},"end":{"line":4,"column":30}},"type":"default-arg","locations":[{"start":{"line":4,"column":26},"end":{"line":4,"column":30}}],"line":4},"1":{"loc":{"start":{"line":4,"column":32},"end":{"line":4,"column":44}},"type":"default-arg","locations":[{"start":{"line":4,"column":40},"end":{"line":4,"column":44}}],"line":4},"2":{"loc":{"start":{"line":12,"column":14},"end":{"line":12,"column":25}},"type":"default-arg","locations":[{"start":{"line":12,"column":21},"end":{"line":12,"column":25}}],"line":12},"3":{"loc":{"start":{"line":21,"column":4},"end":{"line":21,"column":29}},"type":"if","locations":[{"start":{"line":21,"column":4},"end":{"line":21,"column":29}},{"start":{},"end":{}}],"line":21},"4":{"loc":{"start":{"line":25,"column":6},"end":{"line":25,"column":26}},"type":"if","locations":[{"start":{"line":25,"column":6},"end":{"line":25,"column":26}},{"start":{},"end":{}}],"line":25},"5":{"loc":{"start":{"line":26,"column":6},"end":{"line":26,"column":45}},"type":"if","locations":[{"start":{"line":26,"column":6},"end":{"line":26,"column":45}},{"start":{},"end":{}}],"line":26},"6":{"loc":{"start":{"line":40,"column":4},"end":{"line":40,"column":29}},"type":"if","locations":[{"start":{"line":40,"column":4},"end":{"line":40,"column":29}},{"start":{},"end":{}}],"line":40},"7":{"loc":{"start":{"line":43,"column":6},"end":{"line":43,"column":26}},"type":"if","locations":[{"start":{"line":43,"column":6},"end":{"line":43,"column":26}},{"start":{},"end":{}}],"line":43},"8":{"loc":{"start":{"line":44,"column":6},"end":{"line":44,"column":45}},"type":"if","locations":[{"start":{"line":44,"column":6},"end":{"line":44,"column":45}},{"start":{},"end":{}}],"line":44},"9":{"loc":{"start":{"line":61,"column":6},"end":{"line":61,"column":26}},"type":"if","locations":[{"start":{"line":61,"column":6},"end":{"line":61,"column":26}},{"start":{},"end":{}}],"line":61},"10":{"loc":{"start":{"line":78,"column":25},"end":{"line":78,"column":36}},"type":"default-arg","locations":[{"start":{"line":78,"column":32},"end":{"line":78,"column":36}}],"line":78},"11":{"loc":{"start":{"line":79,"column":4},"end":{"line":79,"column":27}},"type":"if","locations":[{"start":{"line":79,"column":4},"end":{"line":79,"column":27}},{"start":{},"end":{}}],"line":79},"12":{"loc":{"start":{"line":84,"column":6},"end":{"line":84,"column":24}},"type":"if","locations":[{"start":{"line":84,"column":6},"end":{"line":84,"column":24}},{"start":{},"end":{}}],"line":84},"13":{"loc":{"start":{"line":86,"column":6},"end":{"line":88,"column":7}},"type":"if","locations":[{"start":{"line":86,"column":6},"end":{"line":88,"column":7}},{"start":{},"end":{}}],"line":86},"14":{"loc":{"start":{"line":86,"column":10},"end":{"line":86,"column":77}},"type":"binary-expr","locations":[{"start":{"line":86,"column":10},"end":{"line":86,"column":31}},{"start":{"line":86,"column":36},"end":{"line":86,"column":53}},{"start":{"line":86,"column":57},"end":{"line":86,"column":76}}],"line":86},"15":{"loc":{"start":{"line":104,"column":4},"end":{"line":104,"column":53}},"type":"if","locations":[{"start":{"line":104,"column":4},"end":{"line":104,"column":53}},{"start":{},"end":{}}],"line":104},"16":{"loc":{"start":{"line":104,"column":8},"end":{"line":104,"column":38}},"type":"binary-expr","locations":[{"start":{"line":104,"column":8},"end":{"line":104,"column":18}},{"start":{"line":104,"column":22},"end":{"line":104,"column":28}},{"start":{"line":104,"column":32},"end":{"line":104,"column":38}}],"line":104},"17":{"loc":{"start":{"line":106,"column":37},"end":{"line":106,"column":46}},"type":"default-arg","locations":[{"start":{"line":106,"column":45},"end":{"line":106,"column":46}}],"line":106},"18":{"loc":{"start":{"line":107,"column":6},"end":{"line":107,"column":29}},"type":"if","locations":[{"start":{"line":107,"column":6},"end":{"line":107,"column":29}},{"start":{},"end":{}}],"line":107},"19":{"loc":{"start":{"line":109,"column":6},"end":{"line":109,"column":44}},"type":"if","locations":[{"start":{"line":109,"column":6},"end":{"line":109,"column":44}},{"start":{},"end":{}}],"line":109},"20":{"loc":{"start":{"line":112,"column":6},"end":{"line":112,"column":28}},"type":"if","locations":[{"start":{"line":112,"column":6},"end":{"line":112,"column":28}},{"start":{},"end":{}}],"line":112},"21":{"loc":{"start":{"line":120,"column":4},"end":{"line":120,"column":47}},"type":"if","locations":[{"start":{"line":120,"column":4},"end":{"line":120,"column":47}},{"start":{},"end":{}}],"line":120},"22":{"loc":{"start":{"line":120,"column":8},"end":{"line":120,"column":32}},"type":"binary-expr","locations":[{"start":{"line":120,"column":8},"end":{"line":120,"column":18}},{"start":{"line":120,"column":22},"end":{"line":120,"column":32}}],"line":120}},"s":{"0":237,"1":237,"2":237,"3":65,"4":3,"5":1,"6":10,"7":0,"8":10,"9":6,"10":4,"11":4,"12":4,"13":2,"14":3,"15":1,"16":10,"17":0,"18":10,"19":6,"20":4,"21":4,"22":4,"23":2,"24":4,"25":36,"26":20,"27":16,"28":16,"29":16,"30":16,"31":16,"32":4,"33":4,"34":3,"35":3,"36":0,"37":0,"38":0,"39":0,"40":0,"41":0,"42":0,"43":0,"44":0,"45":5,"46":0,"47":75,"48":28,"49":47,"50":10,"51":37,"52":37,"53":9,"54":28,"55":5,"56":5,"57":5,"58":0,"59":5,"60":1},"f":{"0":237,"1":65,"2":3,"3":10,"4":3,"5":10,"6":4,"7":36,"8":3,"9":0,"10":5,"11":75,"12":4,"13":3,"14":1},"b":{"0":[155],"1":[156],"2":[19],"3":[1,2],"4":[0,10],"5":[6,4],"6":[1,2],"7":[0,10],"8":[6,4],"9":[20,16],"10":[3],"11":[3,0],"12":[0,0],"13":[0,0],"14":[0,0,0],"15":[0,5],"16":[5,5,5],"17":[10],"18":[28,47],"19":[10,37],"20":[9,28],"21":[0,5],"22":[5,5]},"_coverageSchema":"1a1c01bbd47fc00a2c39e90264f33305004495a9","hash":"7c2ff3aaa336eef21209fcf36fbd141c8ddd6233"}
,"/home/oliver/dsa-trees/tree.js": {"path":"/home/oliver/dsa-trees/tree.js","statementMap":{"0":{"start":{"line":5,"column":4},"end":{"line":5,"column":19}},"1":{"start":{"line":6,"column":4},"end":{"line":6,"column":29}},"2":{"start":{"line":12,"column":4},"end":{"line":12,"column":21}},"3":{"start":{"line":18,"column":4},"end":{"line":18,"column":29}},"4":{"start":{"line":18,"column":20},"end":{"line":18,"column":29}},"5":{"start":{"line":19,"column":14},"end":{"line":19,"column":15}},"6":{"start":{"line":20,"column":16},"end":{"line":20,"column":27}},"7":{"start":{"line":22,"column":4},"end":{"line":32,"column":5}},"8":{"start":{"line":23,"column":20},"end":{"line":23,"column":31}},"9":{"start":{"line":25,"column":6},"end":{"line":27,"column":7}},"10":{"start":{"line":26,"column":8},"end":{"line":26,"column":27}},"11":{"start":{"line":29,"column":6},"end":{"line":31,"column":7}},"12":{"start":{"line":30,"column":8},"end":{"line":30,"column":26}},"13":{"start":{"line":33,"column":4},"end":{"line":33,"column":15}},"14":{"start":{"line":39,"column":4},"end":{"line":39,"column":29}},"15":{"start":{"line":39,"column":20},"end":{"line":39,"column":29}},"16":{"start":{"line":41,"column":16},"end":{"line":41,"column":17}},"17":{"start":{"line":42,"column":16},"end":{"line":42,"column":27}},"18":{"start":{"line":44,"column":4},"end":{"line":54,"column":5}},"19":{"start":{"line":45,"column":20},"end":{"line":45,"column":31}},"20":{"start":{"line":47,"column":6},"end":{"line":49,"column":7}},"21":{"start":{"line":48,"column":8},"end":{"line":48,"column":17}},"22":{"start":{"line":51,"column":6},"end":{"line":53,"column":7}},"23":{"start":{"line":52,"column":8},"end":{"line":52,"column":26}},"24":{"start":{"line":55,"column":4},"end":{"line":55,"column":17}},"25":{"start":{"line":62,"column":4},"end":{"line":62,"column":24}},"26":{"start":{"line":62,"column":15},"end":{"line":62,"column":24}},"27":{"start":{"line":64,"column":16},"end":{"line":64,"column":45}},"28":{"start":{"line":65,"column":4},"end":{"line":67,"column":5}},"29":{"start":{"line":66,"column":6},"end":{"line":66,"column":50}},"30":{"start":{"line":68,"column":4},"end":{"line":68,"column":17}},"31":{"start":{"line":72,"column":12},"end":{"line":72,"column":27}},"32":{"start":{"line":73,"column":12},"end":{"line":73,"column":27}},"33":{"start":{"line":74,"column":11},"end":{"line":74,"column":42}},"34":{"start":{"line":75,"column":11},"end":{"line":75,"column":25}},"35":{"start":{"line":77,"column":0},"end":{"line":77,"column":36}}},"fnMap":{"0":{"name":"(anonymous_0)","decl":{"start":{"line":4,"column":2},"end":{"line":4,"column":3}},"loc":{"start":{"line":4,"column":34},"end":{"line":7,"column":3}},"line":4},"1":{"name":"(anonymous_1)","decl":{"start":{"line":11,"column":2},"end":{"line":11,"column":3}},"loc":{"start":{"line":11,"column":27},"end":{"line":13,"column":3}},"line":11},"2":{"name":"(anonymous_2)","decl":{"start":{"line":17,"column":2},"end":{"line":17,"column":3}},"loc":{"start":{"line":17,"column":14},"end":{"line":34,"column":3}},"line":17},"3":{"name":"(anonymous_3)","decl":{"start":{"line":38,"column":2},"end":{"line":38,"column":3}},"loc":{"start":{"line":38,"column":15},"end":{"line":56,"column":3}},"line":38},"4":{"name":"(anonymous_4)","decl":{"start":{"line":61,"column":2},"end":{"line":61,"column":3}},"loc":{"start":{"line":61,"column":43},"end":{"line":69,"column":3}},"line":61}},"branchMap":{"0":{"loc":{"start":{"line":4,"column":19},"end":{"line":4,"column":32}},"type":"default-arg","locations":[{"start":{"line":4,"column":30},"end":{"line":4,"column":32}}],"line":4},"1":{"loc":{"start":{"line":11,"column":14},"end":{"line":11,"column":25}},"type":"default-arg","locations":[{"start":{"line":11,"column":21},"end":{"line":11,"column":25}}],"line":11},"2":{"loc":{"start":{"line":18,"column":4},"end":{"line":18,"column":29}},"type":"if","locations":[{"start":{"line":18,"column":4},"end":{"line":18,"column":29}},{"start":{},"end":{}}],"line":18},"3":{"loc":{"start":{"line":25,"column":6},"end":{"line":27,"column":7}},"type":"if","locations":[{"start":{"line":25,"column":6},"end":{"line":27,"column":7}},{"start":{},"end":{}}],"line":25},"4":{"loc":{"start":{"line":39,"column":4},"end":{"line":39,"column":29}},"type":"if","locations":[{"start":{"line":39,"column":4},"end":{"line":39,"column":29}},{"start":{},"end":{}}],"line":39},"5":{"loc":{"start":{"line":47,"column":6},"end":{"line":49,"column":7}},"type":"if","locations":[{"start":{"line":47,"column":6},"end":{"line":49,"column":7}},{"start":{},"end":{}}],"line":47},"6":{"loc":{"start":{"line":61,"column":25},"end":{"line":61,"column":41}},"type":"default-arg","locations":[{"start":{"line":61,"column":32},"end":{"line":61,"column":41}}],"line":61},"7":{"loc":{"start":{"line":62,"column":4},"end":{"line":62,"column":24}},"type":"if","locations":[{"start":{"line":62,"column":4},"end":{"line":62,"column":24}},{"start":{},"end":{}}],"line":62},"8":{"loc":{"start":{"line":64,"column":16},"end":{"line":64,"column":45}},"type":"cond-expr","locations":[{"start":{"line":64,"column":40},"end":{"line":64,"column":41}},{"start":{"line":64,"column":44},"end":{"line":64,"column":45}}],"line":64}},"s":{"0":93,"1":93,"2":28,"3":3,"4":1,"5":2,"6":2,"7":2,"8":10,"9":10,"10":10,"11":10,"12":8,"13":2,"14":3,"15":1,"16":2,"17":2,"18":2,"19":10,"20":10,"21":5,"22":10,"23":8,"24":2,"25":33,"26":1,"27":32,"28":32,"29":25,"30":32,"31":1,"32":1,"33":1,"34":1,"35":1},"f":{"0":93,"1":28,"2":3,"3":3,"4":33},"b":{"0":[92],"1":[9],"2":[1,2],"3":[10,0],"4":[1,2],"5":[5,5],"6":[8],"7":[1,32],"8":[15,17]},"_coverageSchema":"1a1c01bbd47fc00a2c39e90264f33305004495a9","hash":"d15704d66cf2e6108a81eaa8134b0164becc2b3c"}
}
