TN:
SF:binary-tree.js
FN:4,(anonymous_0)
FN:12,(anonymous_1)
FN:19,(anonymous_2)
FN:24,depth
FN:39,(anonymous_4)
FN:42,depth
FN:57,(anonymous_6)
FN:60,sum
FN:78,(anonymous_8)
FN:83,findNextLarger
FN:103,(anonymous_10)
FN:106,findLevel
FN:128,(anonymous_12)
FN:135,(anonymous_13)
FN:143,(anonymous_14)
FNF:15
FNH:14
FNDA:237,(anonymous_0)
FNDA:65,(anonymous_1)
FNDA:3,(anonymous_2)
FNDA:10,depth
FNDA:3,(anonymous_4)
FNDA:10,depth
FNDA:4,(anonymous_6)
FNDA:36,sum
FNDA:3,(anonymous_8)
FNDA:0,findNextLarger
FNDA:5,(anonymous_10)
FNDA:75,findLevel
FNDA:4,(anonymous_12)
FNDA:3,(anonymous_13)
FNDA:1,(anonymous_14)
DA:5,237
DA:6,237
DA:7,237
DA:13,65
DA:21,3
DA:25,10
DA:26,10
DA:28,4
DA:29,4
DA:31,4
DA:33,2
DA:40,3
DA:43,10
DA:44,10
DA:46,4
DA:47,4
DA:49,4
DA:51,2
DA:58,4
DA:61,36
DA:63,16
DA:64,16
DA:66,16
DA:67,16
DA:69,16
DA:71,4
DA:72,4
DA:79,3
DA:81,0
DA:84,0
DA:86,0
DA:87,0
DA:90,0
DA:91,0
DA:95,0
DA:96,0
DA:104,5
DA:107,75
DA:109,47
DA:111,37
DA:112,37
DA:114,28
DA:117,5
DA:118,5
DA:120,5
DA:122,5
DA:148,1
LF:47
LH:39
BRDA:4,0,0,155
BRDA:4,1,0,156
BRDA:12,2,0,19
BRDA:21,3,0,1
BRDA:21,3,1,2
BRDA:25,4,0,0
BRDA:25,4,1,10
BRDA:26,5,0,6
BRDA:26,5,1,4
BRDA:40,6,0,1
BRDA:40,6,1,2
BRDA:43,7,0,0
BRDA:43,7,1,10
BRDA:44,8,0,6
BRDA:44,8,1,4
BRDA:61,9,0,20
BRDA:61,9,1,16
BRDA:78,10,0,3
BRDA:79,11,0,3
BRDA:79,11,1,0
BRDA:84,12,0,0
BRDA:84,12,1,0
BRDA:86,13,0,0
BRDA:86,13,1,0
BRDA:86,14,0,0
BRDA:86,14,1,0
BRDA:86,14,2,0
BRDA:104,15,0,0
BRDA:104,15,1,5
BRDA:104,16,0,5
BRDA:104,16,1,5
BRDA:104,16,2,5
BRDA:106,17,0,10
BRDA:107,18,0,28
BRDA:107,18,1,47
BRDA:109,19,0,10
BRDA:109,19,1,37
BRDA:112,20,0,9
BRDA:112,20,1,28
BRDA:120,21,0,0
BRDA:120,21,1,5
BRDA:120,22,0,5
BRDA:120,22,1,5
BRF:43
BRH:31
end_of_record
TN:
SF:tree.js
FN:4,(anonymous_0)
FN:11,(anonymous_1)
FN:17,(anonymous_2)
FN:38,(anonymous_3)
FN:61,(anonymous_4)
FNF:5
FNH:5
FNDA:93,(anonymous_0)
FNDA:28,(anonymous_1)
FNDA:3,(anonymous_2)
FNDA:3,(anonymous_3)
FNDA:33,(anonymous_4)
DA:5,93
DA:6,93
DA:12,28
DA:18,3
DA:19,2
DA:20,2
DA:22,2
DA:23,10
DA:25,10
DA:26,10
DA:29,10
DA:30,8
DA:33,2
DA:39,3
DA:41,2
DA:42,2
DA:44,2
DA:45,10
DA:47,10
DA:48,5
DA:51,10
DA:52,8
DA:55,2
DA:62,33
DA:64,32
DA:65,32
DA:66,25
DA:68,32
DA:72,1
DA:73,1
DA:74,1
DA:75,1
DA:77,1
LF:33
LH:33
BRDA:4,0,0,92
BRDA:11,1,0,9
BRDA:18,2,0,1
BRDA:18,2,1,2
BRDA:25,3,0,10
BRDA:25,3,1,0
BRDA:39,4,0,1
BRDA:39,4,1,2
BRDA:47,5,0,5
BRDA:47,5,1,5
BRDA:61,6,0,8
BRDA:62,7,0,1
BRDA:62,7,1,32
BRDA:64,8,0,15
BRDA:64,8,1,17
BRF:15
BRH:14
end_of_record
